<?xml version="1.0" encoding="utf-8"?>
<test-run id="2" name="Open-Lab-02.09.dll" fullname="C:/Users/onkom/Source/Repos/Open-Lab-02.09/Open-Lab-02.09/bin/Debug/netcoreapp3.0/Open-Lab-02.09.dll" testcasecount="100" result="Passed" start-time="2021-10-09 16:58:12Z" end-time="2021-10-09 16:58:12Z" duration="0.226687" total="100" passed="100" failed="0" inconclusive="0" skipped="0" asserts="100" random-seed="1758055157">
  <command-line><![CDATA[C:\Users\onkom\Source\Repos\Open-Lab-02.09\Open-Lab-02.09\bin\Debug\netcoreapp3.0\Open-Lab-02.09.dll]]></command-line>
  <filter />
  <test-suite type="Assembly" id="1102" name="Open-Lab-02.09.dll" fullname="C:/Users/onkom/Source/Repos/Open-Lab-02.09/Open-Lab-02.09/bin/Debug/netcoreapp3.0/Open-Lab-02.09.dll" runstate="Runnable" testcasecount="100" result="Passed" start-time="2021-10-09 16:58:12Z" end-time="2021-10-09 16:58:12Z" duration="0.226687" total="100" passed="100" failed="0" warnings="0" inconclusive="0" skipped="0" asserts="100">
    <environment framework-version="3.12.0.0" clr-version="3.1.19" os-version="Microsoft Windows 10.0.19042" platform="Win32NT" cwd="C:\Users\onkom\Source\Repos\Open-Lab-02.09\Open-Lab-02.09\bin\Debug\netcoreapp3.0" machine-name="DESKTOP-7OQAPDJ" user="onkom" user-domain="DESKTOP-7OQAPDJ" culture="en-US" uiculture="en-US" os-architecture="x64" />
    <settings>
      <setting name="WorkDirectory" value="C:\Users\onkom\Source\Repos\Open-Lab-02.09\Open-Lab-02.09\bin\Debug\netcoreapp3.0" />
      <setting name="NumberOfTestWorkers" value="4" />
    </settings>
    <properties>
      <property name="_PID" value="7296" />
      <property name="_APPDOMAIN" value="Open-Lab-02.09" />
    </properties>
    <test-suite type="TestSuite" id="1103" name="Open_Lab_02" fullname="Open_Lab_02" runstate="Runnable" testcasecount="100" result="Passed" start-time="2021-10-09 16:58:12Z" end-time="2021-10-09 16:58:12Z" duration="0.178597" total="100" passed="100" failed="0" warnings="0" inconclusive="0" skipped="0" asserts="100">
      <test-suite type="TestSuite" id="1104" name="_09" fullname="Open_Lab_02._09" runstate="Runnable" testcasecount="100" result="Passed" start-time="2021-10-09 16:58:12Z" end-time="2021-10-09 16:58:12Z" duration="0.177122" total="100" passed="100" failed="0" warnings="0" inconclusive="0" skipped="0" asserts="100">
        <test-suite type="TestFixture" id="1000" name="Tests" fullname="Open_Lab_02._09.Tests" classname="Open_Lab_02._09.Tests" runstate="Runnable" testcasecount="100" result="Passed" start-time="2021-10-09 16:58:12Z" end-time="2021-10-09 16:58:12Z" duration="0.139185" total="100" passed="100" failed="0" warnings="0" inconclusive="0" skipped="0" asserts="100">
          <test-suite type="ParameterizedMethod" id="1101" name="ConcatNameTest" fullname="Open_Lab_02._09.Tests.ConcatNameTest" classname="Open_Lab_02._09.Tests" runstate="Runnable" testcasecount="100" result="Passed" start-time="2021-10-09 16:58:12Z" end-time="2021-10-09 16:58:12Z" duration="0.096026" total="100" passed="100" failed="0" warnings="0" inconclusive="0" skipped="0" asserts="100">
            <test-case id="1001" name="ConcatNameTest(&quot;First&quot;,&quot;Last&quot;,&quot;Last, First&quot;)" fullname="Open_Lab_02._09.Tests.ConcatNameTest(&quot;First&quot;,&quot;Last&quot;,&quot;Last, First&quot;)" methodname="ConcatNameTest" classname="Open_Lab_02._09.Tests" runstate="Runnable" seed="1581521027" result="Passed" start-time="2021-10-09 16:58:12Z" end-time="2021-10-09 16:58:12Z" duration="0.048115" asserts="1" />
            <test-case id="1002" name="ConcatNameTest(&quot;John&quot;,&quot;Doe&quot;,&quot;Doe, John&quot;)" fullname="Open_Lab_02._09.Tests.ConcatNameTest(&quot;John&quot;,&quot;Doe&quot;,&quot;Doe, John&quot;)" methodname="ConcatNameTest" classname="Open_Lab_02._09.Tests" runstate="Runnable" seed="354455217" result="Passed" start-time="2021-10-09 16:58:12Z" end-time="2021-10-09 16:58:12Z" duration="0.000355" asserts="1" />
            <test-case id="1003" name="ConcatNameTest(&quot;Mary&quot;,&quot;Jane&quot;,&quot;Jane, Mary&quot;)" fullname="Open_Lab_02._09.Tests.ConcatNameTest(&quot;Mary&quot;,&quot;Jane&quot;,&quot;Jane, Mary&quot;)" methodname="ConcatNameTest" classname="Open_Lab_02._09.Tests" runstate="Runnable" seed="1887674368" result="Passed" start-time="2021-10-09 16:58:12Z" end-time="2021-10-09 16:58:12Z" duration="0.000263" asserts="1" />
            <test-case id="1004" name="ConcatNameTest(&quot;SJGSLF&quot;,&quot;ASHZWV&quot;,&quot;ASHZWV, SJGSLF&quot;)" fullname="Open_Lab_02._09.Tests.ConcatNameTest(&quot;SJGSLF&quot;,&quot;ASHZWV&quot;,&quot;ASHZWV, SJGSLF&quot;)" methodname="ConcatNameTest" classname="Open_Lab_02._09.Tests" runstate="Runnable" seed="816530092" result="Passed" start-time="2021-10-09 16:58:12Z" end-time="2021-10-09 16:58:12Z" duration="0.000170" asserts="1" />
            <test-case id="1005" name="ConcatNameTest(&quot;TKUU&quot;,&quot;AHNCMK&quot;,&quot;AHNCMK, TKUU&quot;)" fullname="Open_Lab_02._09.Tests.ConcatNameTest(&quot;TKUU&quot;,&quot;AHNCMK&quot;,&quot;AHNCMK, TKUU&quot;)" methodname="ConcatNameTest" classname="Open_Lab_02._09.Tests" runstate="Runnable" seed="401704481" result="Passed" start-time="2021-10-09 16:58:12Z" end-time="2021-10-09 16:58:12Z" duration="0.000126" asserts="1" />
            <test-case id="1006" name="ConcatNameTest(&quot;VYAMJGHHYD&quot;,&quot;TX&quot;,&quot;TX, VYAMJGHHYD&quot;)" fullname="Open_Lab_02._09.Tests.ConcatNameTest(&quot;VYAMJGHHYD&quot;,&quot;TX&quot;,&quot;TX, VYAMJGHHYD&quot;)" methodname="ConcatNameTest" classname="Open_Lab_02._09.Tests" runstate="Runnable" seed="1877618230" result="Passed" start-time="2021-10-09 16:58:12Z" end-time="2021-10-09 16:58:12Z" duration="0.000091" asserts="1" />
            <test-case id="1007" name="ConcatNameTest(&quot;AJ&quot;,&quot;THPYU&quot;,&quot;THPYU, AJ&quot;)" fullname="Open_Lab_02._09.Tests.ConcatNameTest(&quot;AJ&quot;,&quot;THPYU&quot;,&quot;THPYU, AJ&quot;)" methodname="ConcatNameTest" classname="Open_Lab_02._09.Tests" runstate="Runnable" seed="723897685" result="Passed" start-time="2021-10-09 16:58:12Z" end-time="2021-10-09 16:58:12Z" duration="0.000104" asserts="1" />
            <test-case id="1008" name="ConcatNameTest(&quot;VFIPQEEGT&quot;,&quot;NJOZ&quot;,&quot;NJOZ, VFIPQEEGT&quot;)" fullname="Open_Lab_02._09.Tests.ConcatNameTest(&quot;VFIPQEEGT&quot;,&quot;NJOZ&quot;,&quot;NJOZ, VFIPQEEGT&quot;)" methodname="ConcatNameTest" classname="Open_Lab_02._09.Tests" runstate="Runnable" seed="1241497924" result="Passed" start-time="2021-10-09 16:58:12Z" end-time="2021-10-09 16:58:12Z" duration="0.000087" asserts="1" />
            <test-case id="1009" name="ConcatNameTest(&quot;YTPO&quot;,&quot;PKAXL&quot;,&quot;PKAXL, YTPO&quot;)" fullname="Open_Lab_02._09.Tests.ConcatNameTest(&quot;YTPO&quot;,&quot;PKAXL&quot;,&quot;PKAXL, YTPO&quot;)" methodname="ConcatNameTest" classname="Open_Lab_02._09.Tests" runstate="Runnable" seed="606834751" result="Passed" start-time="2021-10-09 16:58:12Z" end-time="2021-10-09 16:58:12Z" duration="0.000085" asserts="1" />
            <test-case id="1010" name="ConcatNameTest(&quot;XEJFUABEFG&quot;,&quot;QR&quot;,&quot;QR, XEJFUABEFG&quot;)" fullname="Open_Lab_02._09.Tests.ConcatNameTest(&quot;XEJFUABEFG&quot;,&quot;QR&quot;,&quot;QR, XEJFUABEFG&quot;)" methodname="ConcatNameTest" classname="Open_Lab_02._09.Tests" runstate="Runnable" seed="1909589074" result="Passed" start-time="2021-10-09 16:58:12Z" end-time="2021-10-09 16:58:12Z" duration="0.000102" asserts="1" />
            <test-case id="1011" name="ConcatNameTest(&quot;TX&quot;,&quot;LKRL&quot;,&quot;LKRL, TX&quot;)" fullname="Open_Lab_02._09.Tests.ConcatNameTest(&quot;TX&quot;,&quot;LKRL&quot;,&quot;LKRL, TX&quot;)" methodname="ConcatNameTest" classname="Open_Lab_02._09.Tests" runstate="Runnable" seed="437981444" result="Passed" start-time="2021-10-09 16:58:12Z" end-time="2021-10-09 16:58:12Z" duration="0.000082" asserts="1" />
            <test-case id="1012" name="ConcatNameTest(&quot;DUNAJ&quot;,&quot;FKFKD&quot;,&quot;FKFKD, DUNAJ&quot;)" fullname="Open_Lab_02._09.Tests.ConcatNameTest(&quot;DUNAJ&quot;,&quot;FKFKD&quot;,&quot;FKFKD, DUNAJ&quot;)" methodname="ConcatNameTest" classname="Open_Lab_02._09.Tests" runstate="Runnable" seed="414422196" result="Passed" start-time="2021-10-09 16:58:12Z" end-time="2021-10-09 16:58:12Z" duration="0.000567" asserts="1" />
            <test-case id="1013" name="ConcatNameTest(&quot;HAWNNMI&quot;,&quot;UZXDX&quot;,&quot;UZXDX, HAWNNMI&quot;)" fullname="Open_Lab_02._09.Tests.ConcatNameTest(&quot;HAWNNMI&quot;,&quot;UZXDX&quot;,&quot;UZXDX, HAWNNMI&quot;)" methodname="ConcatNameTest" classname="Open_Lab_02._09.Tests" runstate="Runnable" seed="957978496" result="Passed" start-time="2021-10-09 16:58:12Z" end-time="2021-10-09 16:58:12Z" duration="0.000355" asserts="1" />
            <test-case id="1014" name="ConcatNameTest(&quot;QRDPNU&quot;,&quot;NBOSUQ&quot;,&quot;NBOSUQ, QRDPNU&quot;)" fullname="Open_Lab_02._09.Tests.ConcatNameTest(&quot;QRDPNU&quot;,&quot;NBOSUQ&quot;,&quot;NBOSUQ, QRDPNU&quot;)" methodname="ConcatNameTest" classname="Open_Lab_02._09.Tests" runstate="Runnable" seed="330193404" result="Passed" start-time="2021-10-09 16:58:12Z" end-time="2021-10-09 16:58:12Z" duration="0.000171" asserts="1" />
            <test-case id="1015" name="ConcatNameTest(&quot;ZUBQMBV&quot;,&quot;BTYXIBPD&quot;,&quot;BTYXIBPD, ZUBQMBV&quot;)" fullname="Open_Lab_02._09.Tests.ConcatNameTest(&quot;ZUBQMBV&quot;,&quot;BTYXIBPD&quot;,&quot;BTYXIBPD, ZUBQMBV&quot;)" methodname="ConcatNameTest" classname="Open_Lab_02._09.Tests" runstate="Runnable" seed="648971870" result="Passed" start-time="2021-10-09 16:58:12Z" end-time="2021-10-09 16:58:12Z" duration="0.000485" asserts="1" />
            <test-case id="1016" name="ConcatNameTest(&quot;JDXTNHPXJC&quot;,&quot;YHUTWRLZ&quot;,&quot;YHUTWRLZ, JDXTNHPXJC&quot;)" fullname="Open_Lab_02._09.Tests.ConcatNameTest(&quot;JDXTNHPXJC&quot;,&quot;YHUTWRLZ&quot;,&quot;YHUTWRLZ, JDXTNHPXJC&quot;)" methodname="ConcatNameTest" classname="Open_Lab_02._09.Tests" runstate="Runnable" seed="1311092718" result="Passed" start-time="2021-10-09 16:58:12Z" end-time="2021-10-09 16:58:12Z" duration="0.000194" asserts="1" />
            <test-case id="1017" name="ConcatNameTest(&quot;HQVQXQJRPL&quot;,&quot;YXRIRS&quot;,&quot;YXRIRS, HQVQXQJRPL&quot;)" fullname="Open_Lab_02._09.Tests.ConcatNameTest(&quot;HQVQXQJRPL&quot;,&quot;YXRIRS&quot;,&quot;YXRIRS, HQVQXQJRPL&quot;)" methodname="ConcatNameTest" classname="Open_Lab_02._09.Tests" runstate="Runnable" seed="1355517712" result="Passed" start-time="2021-10-09 16:58:12Z" end-time="2021-10-09 16:58:12Z" duration="0.001502" asserts="1" />
            <test-case id="1018" name="ConcatNameTest(&quot;LNMSDZBUTY&quot;,&quot;ARP&quot;,&quot;ARP, LNMSDZBUTY&quot;)" fullname="Open_Lab_02._09.Tests.ConcatNameTest(&quot;LNMSDZBUTY&quot;,&quot;ARP&quot;,&quot;ARP, LNMSDZBUTY&quot;)" methodname="ConcatNameTest" classname="Open_Lab_02._09.Tests" runstate="Runnable" seed="560115182" result="Passed" start-time="2021-10-09 16:58:12Z" end-time="2021-10-09 16:58:12Z" duration="0.000292" asserts="1" />
            <test-case id="1019" name="ConcatNameTest(&quot;GQTHHWW&quot;,&quot;YHXPUBQMBE&quot;,&quot;YHXPUBQMBE, GQTHHWW&quot;)" fullname="Open_Lab_02._09.Tests.ConcatNameTest(&quot;GQTHHWW&quot;,&quot;YHXPUBQMBE&quot;,&quot;YHXPUBQMBE, GQTHHWW&quot;)" methodname="ConcatNameTest" classname="Open_Lab_02._09.Tests" runstate="Runnable" seed="1550738722" result="Passed" start-time="2021-10-09 16:58:12Z" end-time="2021-10-09 16:58:12Z" duration="0.000294" asserts="1" />
            <test-case id="1020" name="ConcatNameTest(&quot;ZMLONVOC&quot;,&quot;KLPUXJQAPJ&quot;,&quot;KLPUXJQAPJ, ZMLONVOC&quot;)" fullname="Open_Lab_02._09.Tests.ConcatNameTest(&quot;ZMLONVOC&quot;,&quot;KLPUXJQAPJ&quot;,&quot;KLPUXJQAPJ, ZMLONVOC&quot;)" methodname="ConcatNameTest" classname="Open_Lab_02._09.Tests" runstate="Runnable" seed="1323888840" result="Passed" start-time="2021-10-09 16:58:12Z" end-time="2021-10-09 16:58:12Z" duration="0.000215" asserts="1" />
            <test-case id="1021" name="ConcatNameTest(&quot;APPNK&quot;,&quot;KHS&quot;,&quot;KHS, APPNK&quot;)" fullname="Open_Lab_02._09.Tests.ConcatNameTest(&quot;APPNK&quot;,&quot;KHS&quot;,&quot;KHS, APPNK&quot;)" methodname="ConcatNameTest" classname="Open_Lab_02._09.Tests" runstate="Runnable" seed="528939181" result="Passed" start-time="2021-10-09 16:58:12Z" end-time="2021-10-09 16:58:12Z" duration="0.000152" asserts="1" />
            <test-case id="1022" name="ConcatNameTest(&quot;MDW&quot;,&quot;PCVBFLSTYN&quot;,&quot;PCVBFLSTYN, MDW&quot;)" fullname="Open_Lab_02._09.Tests.ConcatNameTest(&quot;MDW&quot;,&quot;PCVBFLSTYN&quot;,&quot;PCVBFLSTYN, MDW&quot;)" methodname="ConcatNameTest" classname="Open_Lab_02._09.Tests" runstate="Runnable" seed="60069139" result="Passed" start-time="2021-10-09 16:58:12Z" end-time="2021-10-09 16:58:12Z" duration="0.000089" asserts="1" />
            <test-case id="1023" name="ConcatNameTest(&quot;SDSLKP&quot;,&quot;SSTKWYEIL&quot;,&quot;SSTKWYEIL, SDSLKP&quot;)" fullname="Open_Lab_02._09.Tests.ConcatNameTest(&quot;SDSLKP&quot;,&quot;SSTKWYEIL&quot;,&quot;SSTKWYEIL, SDSLKP&quot;)" methodname="ConcatNameTest" classname="Open_Lab_02._09.Tests" runstate="Runnable" seed="432670523" result="Passed" start-time="2021-10-09 16:58:12Z" end-time="2021-10-09 16:58:12Z" duration="0.000176" asserts="1" />
            <test-case id="1024" name="ConcatNameTest(&quot;JTYI&quot;,&quot;WHGVZJYT&quot;,&quot;WHGVZJYT, JTYI&quot;)" fullname="Open_Lab_02._09.Tests.ConcatNameTest(&quot;JTYI&quot;,&quot;WHGVZJYT&quot;,&quot;WHGVZJYT, JTYI&quot;)" methodname="ConcatNameTest" classname="Open_Lab_02._09.Tests" runstate="Runnable" seed="1210647122" result="Passed" start-time="2021-10-09 16:58:12Z" end-time="2021-10-09 16:58:12Z" duration="0.000225" asserts="1" />
            <test-case id="1025" name="ConcatNameTest(&quot;QCAS&quot;,&quot;SW&quot;,&quot;SW, QCAS&quot;)" fullname="Open_Lab_02._09.Tests.ConcatNameTest(&quot;QCAS&quot;,&quot;SW&quot;,&quot;SW, QCAS&quot;)" methodname="ConcatNameTest" classname="Open_Lab_02._09.Tests" runstate="Runnable" seed="1760620568" result="Passed" start-time="2021-10-09 16:58:12Z" end-time="2021-10-09 16:58:12Z" duration="0.000210" asserts="1" />
            <test-case id="1026" name="ConcatNameTest(&quot;OPLD&quot;,&quot;FGX&quot;,&quot;FGX, OPLD&quot;)" fullname="Open_Lab_02._09.Tests.ConcatNameTest(&quot;OPLD&quot;,&quot;FGX&quot;,&quot;FGX, OPLD&quot;)" methodname="ConcatNameTest" classname="Open_Lab_02._09.Tests" runstate="Runnable" seed="842279247" result="Passed" start-time="2021-10-09 16:58:12Z" end-time="2021-10-09 16:58:12Z" duration="0.000323" asserts="1" />
            <test-case id="1027" name="ConcatNameTest(&quot;XAKKFPEZGK&quot;,&quot;PPN&quot;,&quot;PPN, XAKKFPEZGK&quot;)" fullname="Open_Lab_02._09.Tests.ConcatNameTest(&quot;XAKKFPEZGK&quot;,&quot;PPN&quot;,&quot;PPN, XAKKFPEZGK&quot;)" methodname="ConcatNameTest" classname="Open_Lab_02._09.Tests" runstate="Runnable" seed="1356393158" result="Passed" start-time="2021-10-09 16:58:12Z" end-time="2021-10-09 16:58:12Z" duration="0.000215" asserts="1" />
            <test-case id="1028" name="ConcatNameTest(&quot;ZMTUXMGT&quot;,&quot;BFIXP&quot;,&quot;BFIXP, ZMTUXMGT&quot;)" fullname="Open_Lab_02._09.Tests.ConcatNameTest(&quot;ZMTUXMGT&quot;,&quot;BFIXP&quot;,&quot;BFIXP, ZMTUXMGT&quot;)" methodname="ConcatNameTest" classname="Open_Lab_02._09.Tests" runstate="Runnable" seed="879506225" result="Passed" start-time="2021-10-09 16:58:12Z" end-time="2021-10-09 16:58:12Z" duration="0.000225" asserts="1" />
            <test-case id="1029" name="ConcatNameTest(&quot;BAYBMXIW&quot;,&quot;NWSVH&quot;,&quot;NWSVH, BAYBMXIW&quot;)" fullname="Open_Lab_02._09.Tests.ConcatNameTest(&quot;BAYBMXIW&quot;,&quot;NWSVH&quot;,&quot;NWSVH, BAYBMXIW&quot;)" methodname="ConcatNameTest" classname="Open_Lab_02._09.Tests" runstate="Runnable" seed="850339600" result="Passed" start-time="2021-10-09 16:58:12Z" end-time="2021-10-09 16:58:12Z" duration="0.000184" asserts="1" />
            <test-case id="1030" name="ConcatNameTest(&quot;SYBQESLL&quot;,&quot;LRGZIZGGKO&quot;,&quot;LRGZIZGGKO, SYBQESLL&quot;)" fullname="Open_Lab_02._09.Tests.ConcatNameTest(&quot;SYBQESLL&quot;,&quot;LRGZIZGGKO&quot;,&quot;LRGZIZGGKO, SYBQESLL&quot;)" methodname="ConcatNameTest" classname="Open_Lab_02._09.Tests" runstate="Runnable" seed="1298301307" result="Passed" start-time="2021-10-09 16:58:12Z" end-time="2021-10-09 16:58:12Z" duration="0.000170" asserts="1" />
            <test-case id="1031" name="ConcatNameTest(&quot;EQOAW&quot;,&quot;PIHBTLL&quot;,&quot;PIHBTLL, EQOAW&quot;)" fullname="Open_Lab_02._09.Tests.ConcatNameTest(&quot;EQOAW&quot;,&quot;PIHBTLL&quot;,&quot;PIHBTLL, EQOAW&quot;)" methodname="ConcatNameTest" classname="Open_Lab_02._09.Tests" runstate="Runnable" seed="1851527285" result="Passed" start-time="2021-10-09 16:58:12Z" end-time="2021-10-09 16:58:12Z" duration="0.000150" asserts="1" />
            <test-case id="1032" name="ConcatNameTest(&quot;IGGGKAPO&quot;,&quot;QVRJOLGPHH&quot;,&quot;QVRJOLGPHH, IGGGKAPO&quot;)" fullname="Open_Lab_02._09.Tests.ConcatNameTest(&quot;IGGGKAPO&quot;,&quot;QVRJOLGPHH&quot;,&quot;QVRJOLGPHH, IGGGKAPO&quot;)" methodname="ConcatNameTest" classname="Open_Lab_02._09.Tests" runstate="Runnable" seed="1371576344" result="Passed" start-time="2021-10-09 16:58:12Z" end-time="2021-10-09 16:58:12Z" duration="0.000126" asserts="1" />
            <test-case id="1033" name="ConcatNameTest(&quot;NBKBUNDDEY&quot;,&quot;GUFZSZZZ&quot;,&quot;GUFZSZZZ, NBKBUNDDEY&quot;)" fullname="Open_Lab_02._09.Tests.ConcatNameTest(&quot;NBKBUNDDEY&quot;,&quot;GUFZSZZZ&quot;,&quot;GUFZSZZZ, NBKBUNDDEY&quot;)" methodname="ConcatNameTest" classname="Open_Lab_02._09.Tests" runstate="Runnable" seed="389401688" result="Passed" start-time="2021-10-09 16:58:12Z" end-time="2021-10-09 16:58:12Z" duration="0.000142" asserts="1" />
            <test-case id="1034" name="ConcatNameTest(&quot;TPSXFF&quot;,&quot;AWAL&quot;,&quot;AWAL, TPSXFF&quot;)" fullname="Open_Lab_02._09.Tests.ConcatNameTest(&quot;TPSXFF&quot;,&quot;AWAL&quot;,&quot;AWAL, TPSXFF&quot;)" methodname="ConcatNameTest" classname="Open_Lab_02._09.Tests" runstate="Runnable" seed="1055668184" result="Passed" start-time="2021-10-09 16:58:12Z" end-time="2021-10-09 16:58:12Z" duration="0.000387" asserts="1" />
            <test-case id="1035" name="ConcatNameTest(&quot;DNFGWF&quot;,&quot;XWMKAY&quot;,&quot;XWMKAY, DNFGWF&quot;)" fullname="Open_Lab_02._09.Tests.ConcatNameTest(&quot;DNFGWF&quot;,&quot;XWMKAY&quot;,&quot;XWMKAY, DNFGWF&quot;)" methodname="ConcatNameTest" classname="Open_Lab_02._09.Tests" runstate="Runnable" seed="2013189238" result="Passed" start-time="2021-10-09 16:58:12Z" end-time="2021-10-09 16:58:12Z" duration="0.000233" asserts="1" />
            <test-case id="1036" name="ConcatNameTest(&quot;WEPSHQI&quot;,&quot;FYJMVPGC&quot;,&quot;FYJMVPGC, WEPSHQI&quot;)" fullname="Open_Lab_02._09.Tests.ConcatNameTest(&quot;WEPSHQI&quot;,&quot;FYJMVPGC&quot;,&quot;FYJMVPGC, WEPSHQI&quot;)" methodname="ConcatNameTest" classname="Open_Lab_02._09.Tests" runstate="Runnable" seed="346788572" result="Passed" start-time="2021-10-09 16:58:12Z" end-time="2021-10-09 16:58:12Z" duration="0.000300" asserts="1" />
            <test-case id="1037" name="ConcatNameTest(&quot;DMFC&quot;,&quot;ZSWT&quot;,&quot;ZSWT, DMFC&quot;)" fullname="Open_Lab_02._09.Tests.ConcatNameTest(&quot;DMFC&quot;,&quot;ZSWT&quot;,&quot;ZSWT, DMFC&quot;)" methodname="ConcatNameTest" classname="Open_Lab_02._09.Tests" runstate="Runnable" seed="954920562" result="Passed" start-time="2021-10-09 16:58:12Z" end-time="2021-10-09 16:58:12Z" duration="0.000320" asserts="1" />
            <test-case id="1038" name="ConcatNameTest(&quot;CRHERY&quot;,&quot;ICLETVD&quot;,&quot;ICLETVD, CRHERY&quot;)" fullname="Open_Lab_02._09.Tests.ConcatNameTest(&quot;CRHERY&quot;,&quot;ICLETVD&quot;,&quot;ICLETVD, CRHERY&quot;)" methodname="ConcatNameTest" classname="Open_Lab_02._09.Tests" runstate="Runnable" seed="1842276220" result="Passed" start-time="2021-10-09 16:58:12Z" end-time="2021-10-09 16:58:12Z" duration="0.000679" asserts="1" />
            <test-case id="1039" name="ConcatNameTest(&quot;IHXJK&quot;,&quot;QUFHNTNOE&quot;,&quot;QUFHNTNOE, IHXJK&quot;)" fullname="Open_Lab_02._09.Tests.ConcatNameTest(&quot;IHXJK&quot;,&quot;QUFHNTNOE&quot;,&quot;QUFHNTNOE, IHXJK&quot;)" methodname="ConcatNameTest" classname="Open_Lab_02._09.Tests" runstate="Runnable" seed="85567878" result="Passed" start-time="2021-10-09 16:58:12Z" end-time="2021-10-09 16:58:12Z" duration="0.000366" asserts="1" />
            <test-case id="1040" name="ConcatNameTest(&quot;WNCFBXTRN&quot;,&quot;GER&quot;,&quot;GER, WNCFBXTRN&quot;)" fullname="Open_Lab_02._09.Tests.ConcatNameTest(&quot;WNCFBXTRN&quot;,&quot;GER&quot;,&quot;GER, WNCFBXTRN&quot;)" methodname="ConcatNameTest" classname="Open_Lab_02._09.Tests" runstate="Runnable" seed="830038447" result="Passed" start-time="2021-10-09 16:58:12Z" end-time="2021-10-09 16:58:12Z" duration="0.000287" asserts="1" />
            <test-case id="1041" name="ConcatNameTest(&quot;KR&quot;,&quot;RZ&quot;,&quot;RZ, KR&quot;)" fullname="Open_Lab_02._09.Tests.ConcatNameTest(&quot;KR&quot;,&quot;RZ&quot;,&quot;RZ, KR&quot;)" methodname="ConcatNameTest" classname="Open_Lab_02._09.Tests" runstate="Runnable" seed="1923566484" result="Passed" start-time="2021-10-09 16:58:12Z" end-time="2021-10-09 16:58:12Z" duration="0.000144" asserts="1" />
            <test-case id="1042" name="ConcatNameTest(&quot;VMJQMWBX&quot;,&quot;FCU&quot;,&quot;FCU, VMJQMWBX&quot;)" fullname="Open_Lab_02._09.Tests.ConcatNameTest(&quot;VMJQMWBX&quot;,&quot;FCU&quot;,&quot;FCU, VMJQMWBX&quot;)" methodname="ConcatNameTest" classname="Open_Lab_02._09.Tests" runstate="Runnable" seed="727773524" result="Passed" start-time="2021-10-09 16:58:12Z" end-time="2021-10-09 16:58:12Z" duration="0.000088" asserts="1" />
            <test-case id="1043" name="ConcatNameTest(&quot;OIFSYJKNFV&quot;,&quot;PMC&quot;,&quot;PMC, OIFSYJKNFV&quot;)" fullname="Open_Lab_02._09.Tests.ConcatNameTest(&quot;OIFSYJKNFV&quot;,&quot;PMC&quot;,&quot;PMC, OIFSYJKNFV&quot;)" methodname="ConcatNameTest" classname="Open_Lab_02._09.Tests" runstate="Runnable" seed="1896424876" result="Passed" start-time="2021-10-09 16:58:12Z" end-time="2021-10-09 16:58:12Z" duration="0.000087" asserts="1" />
            <test-case id="1044" name="ConcatNameTest(&quot;WV&quot;,&quot;WPNBJEM&quot;,&quot;WPNBJEM, WV&quot;)" fullname="Open_Lab_02._09.Tests.ConcatNameTest(&quot;WV&quot;,&quot;WPNBJEM&quot;,&quot;WPNBJEM, WV&quot;)" methodname="ConcatNameTest" classname="Open_Lab_02._09.Tests" runstate="Runnable" seed="1433201370" result="Passed" start-time="2021-10-09 16:58:12Z" end-time="2021-10-09 16:58:12Z" duration="0.000108" asserts="1" />
            <test-case id="1045" name="ConcatNameTest(&quot;EVWNICMG&quot;,&quot;UF&quot;,&quot;UF, EVWNICMG&quot;)" fullname="Open_Lab_02._09.Tests.ConcatNameTest(&quot;EVWNICMG&quot;,&quot;UF&quot;,&quot;UF, EVWNICMG&quot;)" methodname="ConcatNameTest" classname="Open_Lab_02._09.Tests" runstate="Runnable" seed="39730971" result="Passed" start-time="2021-10-09 16:58:12Z" end-time="2021-10-09 16:58:12Z" duration="0.000087" asserts="1" />
            <test-case id="1046" name="ConcatNameTest(&quot;DIOEPREAAU&quot;,&quot;AIOGFKNZAG&quot;,&quot;AIOGFKNZAG, DIOEPREAAU&quot;)" fullname="Open_Lab_02._09.Tests.ConcatNameTest(&quot;DIOEPREAAU&quot;,&quot;AIOGFKNZAG&quot;,&quot;AIOGFKNZAG, DIOEPREAAU&quot;)" methodname="ConcatNameTest" classname="Open_Lab_02._09.Tests" runstate="Runnable" seed="685102861" result="Passed" start-time="2021-10-09 16:58:12Z" end-time="2021-10-09 16:58:12Z" duration="0.000104" asserts="1" />
            <test-case id="1047" name="ConcatNameTest(&quot;EORS&quot;,&quot;BDFAIR&quot;,&quot;BDFAIR, EORS&quot;)" fullname="Open_Lab_02._09.Tests.ConcatNameTest(&quot;EORS&quot;,&quot;BDFAIR&quot;,&quot;BDFAIR, EORS&quot;)" methodname="ConcatNameTest" classname="Open_Lab_02._09.Tests" runstate="Runnable" seed="894623039" result="Passed" start-time="2021-10-09 16:58:12Z" end-time="2021-10-09 16:58:12Z" duration="0.000100" asserts="1" />
            <test-case id="1048" name="ConcatNameTest(&quot;ONAILRALS&quot;,&quot;WVETW&quot;,&quot;WVETW, ONAILRALS&quot;)" fullname="Open_Lab_02._09.Tests.ConcatNameTest(&quot;ONAILRALS&quot;,&quot;WVETW&quot;,&quot;WVETW, ONAILRALS&quot;)" methodname="ConcatNameTest" classname="Open_Lab_02._09.Tests" runstate="Runnable" seed="791782371" result="Passed" start-time="2021-10-09 16:58:12Z" end-time="2021-10-09 16:58:12Z" duration="0.000087" asserts="1" />
            <test-case id="1049" name="ConcatNameTest(&quot;WPVE&quot;,&quot;XDAMXDCX&quot;,&quot;XDAMXDCX, WPVE&quot;)" fullname="Open_Lab_02._09.Tests.ConcatNameTest(&quot;WPVE&quot;,&quot;XDAMXDCX&quot;,&quot;XDAMXDCX, WPVE&quot;)" methodname="ConcatNameTest" classname="Open_Lab_02._09.Tests" runstate="Runnable" seed="994290678" result="Passed" start-time="2021-10-09 16:58:12Z" end-time="2021-10-09 16:58:12Z" duration="0.000107" asserts="1" />
            <test-case id="1050" name="ConcatNameTest(&quot;TRJNASEBB&quot;,&quot;AUNT&quot;,&quot;AUNT, TRJNASEBB&quot;)" fullname="Open_Lab_02._09.Tests.ConcatNameTest(&quot;TRJNASEBB&quot;,&quot;AUNT&quot;,&quot;AUNT, TRJNASEBB&quot;)" methodname="ConcatNameTest" classname="Open_Lab_02._09.Tests" runstate="Runnable" seed="100744510" result="Passed" start-time="2021-10-09 16:58:12Z" end-time="2021-10-09 16:58:12Z" duration="0.000157" asserts="1" />
            <test-case id="1051" name="ConcatNameTest(&quot;VOTFWJLM&quot;,&quot;CRKAVO&quot;,&quot;CRKAVO, VOTFWJLM&quot;)" fullname="Open_Lab_02._09.Tests.ConcatNameTest(&quot;VOTFWJLM&quot;,&quot;CRKAVO&quot;,&quot;CRKAVO, VOTFWJLM&quot;)" methodname="ConcatNameTest" classname="Open_Lab_02._09.Tests" runstate="Runnable" seed="277124366" result="Passed" start-time="2021-10-09 16:58:12Z" end-time="2021-10-09 16:58:12Z" duration="0.000131" asserts="1" />
            <test-case id="1052" name="ConcatNameTest(&quot;XOXQFM&quot;,&quot;TDCUNOE&quot;,&quot;TDCUNOE, XOXQFM&quot;)" fullname="Open_Lab_02._09.Tests.ConcatNameTest(&quot;XOXQFM&quot;,&quot;TDCUNOE&quot;,&quot;TDCUNOE, XOXQFM&quot;)" methodname="ConcatNameTest" classname="Open_Lab_02._09.Tests" runstate="Runnable" seed="2128674110" result="Passed" start-time="2021-10-09 16:58:12Z" end-time="2021-10-09 16:58:12Z" duration="0.000104" asserts="1" />
            <test-case id="1053" name="ConcatNameTest(&quot;JKIRJKWALI&quot;,&quot;WKJ&quot;,&quot;WKJ, JKIRJKWALI&quot;)" fullname="Open_Lab_02._09.Tests.ConcatNameTest(&quot;JKIRJKWALI&quot;,&quot;WKJ&quot;,&quot;WKJ, JKIRJKWALI&quot;)" methodname="ConcatNameTest" classname="Open_Lab_02._09.Tests" runstate="Runnable" seed="561344555" result="Passed" start-time="2021-10-09 16:58:12Z" end-time="2021-10-09 16:58:12Z" duration="0.000085" asserts="1" />
            <test-case id="1054" name="ConcatNameTest(&quot;EFNT&quot;,&quot;GQ&quot;,&quot;GQ, EFNT&quot;)" fullname="Open_Lab_02._09.Tests.ConcatNameTest(&quot;EFNT&quot;,&quot;GQ&quot;,&quot;GQ, EFNT&quot;)" methodname="ConcatNameTest" classname="Open_Lab_02._09.Tests" runstate="Runnable" seed="124367659" result="Passed" start-time="2021-10-09 16:58:12Z" end-time="2021-10-09 16:58:12Z" duration="0.000103" asserts="1" />
            <test-case id="1055" name="ConcatNameTest(&quot;NJ&quot;,&quot;ACTPXYIDH&quot;,&quot;ACTPXYIDH, NJ&quot;)" fullname="Open_Lab_02._09.Tests.ConcatNameTest(&quot;NJ&quot;,&quot;ACTPXYIDH&quot;,&quot;ACTPXYIDH, NJ&quot;)" methodname="ConcatNameTest" classname="Open_Lab_02._09.Tests" runstate="Runnable" seed="429228211" result="Passed" start-time="2021-10-09 16:58:12Z" end-time="2021-10-09 16:58:12Z" duration="0.000084" asserts="1" />
            <test-case id="1056" name="ConcatNameTest(&quot;SEFDANMIAQ&quot;,&quot;KUYO&quot;,&quot;KUYO, SEFDANMIAQ&quot;)" fullname="Open_Lab_02._09.Tests.ConcatNameTest(&quot;SEFDANMIAQ&quot;,&quot;KUYO&quot;,&quot;KUYO, SEFDANMIAQ&quot;)" methodname="ConcatNameTest" classname="Open_Lab_02._09.Tests" runstate="Runnable" seed="1029593248" result="Passed" start-time="2021-10-09 16:58:12Z" end-time="2021-10-09 16:58:12Z" duration="0.000104" asserts="1" />
            <test-case id="1057" name="ConcatNameTest(&quot;UCSTIUHMJU&quot;,&quot;VLGO&quot;,&quot;VLGO, UCSTIUHMJU&quot;)" fullname="Open_Lab_02._09.Tests.ConcatNameTest(&quot;UCSTIUHMJU&quot;,&quot;VLGO&quot;,&quot;VLGO, UCSTIUHMJU&quot;)" methodname="ConcatNameTest" classname="Open_Lab_02._09.Tests" runstate="Runnable" seed="1291516037" result="Passed" start-time="2021-10-09 16:58:12Z" end-time="2021-10-09 16:58:12Z" duration="0.000111" asserts="1" />
            <test-case id="1058" name="ConcatNameTest(&quot;BJMA&quot;,&quot;PBTD&quot;,&quot;PBTD, BJMA&quot;)" fullname="Open_Lab_02._09.Tests.ConcatNameTest(&quot;BJMA&quot;,&quot;PBTD&quot;,&quot;PBTD, BJMA&quot;)" methodname="ConcatNameTest" classname="Open_Lab_02._09.Tests" runstate="Runnable" seed="96581543" result="Passed" start-time="2021-10-09 16:58:12Z" end-time="2021-10-09 16:58:12Z" duration="0.000086" asserts="1" />
            <test-case id="1059" name="ConcatNameTest(&quot;MTQPHVAXE&quot;,&quot;KORX&quot;,&quot;KORX, MTQPHVAXE&quot;)" fullname="Open_Lab_02._09.Tests.ConcatNameTest(&quot;MTQPHVAXE&quot;,&quot;KORX&quot;,&quot;KORX, MTQPHVAXE&quot;)" methodname="ConcatNameTest" classname="Open_Lab_02._09.Tests" runstate="Runnable" seed="1203393171" result="Passed" start-time="2021-10-09 16:58:12Z" end-time="2021-10-09 16:58:12Z" duration="0.000101" asserts="1" />
            <test-case id="1060" name="ConcatNameTest(&quot;STGGQWUBY&quot;,&quot;LMNRE&quot;,&quot;LMNRE, STGGQWUBY&quot;)" fullname="Open_Lab_02._09.Tests.ConcatNameTest(&quot;STGGQWUBY&quot;,&quot;LMNRE&quot;,&quot;LMNRE, STGGQWUBY&quot;)" methodname="ConcatNameTest" classname="Open_Lab_02._09.Tests" runstate="Runnable" seed="1706908881" result="Passed" start-time="2021-10-09 16:58:12Z" end-time="2021-10-09 16:58:12Z" duration="0.000102" asserts="1" />
            <test-case id="1061" name="ConcatNameTest(&quot;ZP&quot;,&quot;IOVTNM&quot;,&quot;IOVTNM, ZP&quot;)" fullname="Open_Lab_02._09.Tests.ConcatNameTest(&quot;ZP&quot;,&quot;IOVTNM&quot;,&quot;IOVTNM, ZP&quot;)" methodname="ConcatNameTest" classname="Open_Lab_02._09.Tests" runstate="Runnable" seed="521225072" result="Passed" start-time="2021-10-09 16:58:12Z" end-time="2021-10-09 16:58:12Z" duration="0.000085" asserts="1" />
            <test-case id="1062" name="ConcatNameTest(&quot;NCIXMRODP&quot;,&quot;VMMXSRSHV&quot;,&quot;VMMXSRSHV, NCIXMRODP&quot;)" fullname="Open_Lab_02._09.Tests.ConcatNameTest(&quot;NCIXMRODP&quot;,&quot;VMMXSRSHV&quot;,&quot;VMMXSRSHV, NCIXMRODP&quot;)" methodname="ConcatNameTest" classname="Open_Lab_02._09.Tests" runstate="Runnable" seed="1991875107" result="Passed" start-time="2021-10-09 16:58:12Z" end-time="2021-10-09 16:58:12Z" duration="0.000102" asserts="1" />
            <test-case id="1063" name="ConcatNameTest(&quot;MFZFK&quot;,&quot;DOIXZTTVJS&quot;,&quot;DOIXZTTVJS, MFZFK&quot;)" fullname="Open_Lab_02._09.Tests.ConcatNameTest(&quot;MFZFK&quot;,&quot;DOIXZTTVJS&quot;,&quot;DOIXZTTVJS, MFZFK&quot;)" methodname="ConcatNameTest" classname="Open_Lab_02._09.Tests" runstate="Runnable" seed="391158324" result="Passed" start-time="2021-10-09 16:58:12Z" end-time="2021-10-09 16:58:12Z" duration="0.000084" asserts="1" />
            <test-case id="1064" name="ConcatNameTest(&quot;AVTXKCIF&quot;,&quot;CPPXDM&quot;,&quot;CPPXDM, AVTXKCIF&quot;)" fullname="Open_Lab_02._09.Tests.ConcatNameTest(&quot;AVTXKCIF&quot;,&quot;CPPXDM&quot;,&quot;CPPXDM, AVTXKCIF&quot;)" methodname="ConcatNameTest" classname="Open_Lab_02._09.Tests" runstate="Runnable" seed="1456017091" result="Passed" start-time="2021-10-09 16:58:12Z" end-time="2021-10-09 16:58:12Z" duration="0.000102" asserts="1" />
            <test-case id="1065" name="ConcatNameTest(&quot;DIHCCMN&quot;,&quot;ZVSVCT&quot;,&quot;ZVSVCT, DIHCCMN&quot;)" fullname="Open_Lab_02._09.Tests.ConcatNameTest(&quot;DIHCCMN&quot;,&quot;ZVSVCT&quot;,&quot;ZVSVCT, DIHCCMN&quot;)" methodname="ConcatNameTest" classname="Open_Lab_02._09.Tests" runstate="Runnable" seed="58061789" result="Passed" start-time="2021-10-09 16:58:12Z" end-time="2021-10-09 16:58:12Z" duration="0.000101" asserts="1" />
            <test-case id="1066" name="ConcatNameTest(&quot;OAXRLCL&quot;,&quot;DQ&quot;,&quot;DQ, OAXRLCL&quot;)" fullname="Open_Lab_02._09.Tests.ConcatNameTest(&quot;OAXRLCL&quot;,&quot;DQ&quot;,&quot;DQ, OAXRLCL&quot;)" methodname="ConcatNameTest" classname="Open_Lab_02._09.Tests" runstate="Runnable" seed="1213888747" result="Passed" start-time="2021-10-09 16:58:12Z" end-time="2021-10-09 16:58:12Z" duration="0.000084" asserts="1" />
            <test-case id="1067" name="ConcatNameTest(&quot;XW&quot;,&quot;ZLTNBQ&quot;,&quot;ZLTNBQ, XW&quot;)" fullname="Open_Lab_02._09.Tests.ConcatNameTest(&quot;XW&quot;,&quot;ZLTNBQ&quot;,&quot;ZLTNBQ, XW&quot;)" methodname="ConcatNameTest" classname="Open_Lab_02._09.Tests" runstate="Runnable" seed="25020508" result="Passed" start-time="2021-10-09 16:58:12Z" end-time="2021-10-09 16:58:12Z" duration="0.000099" asserts="1" />
            <test-case id="1068" name="ConcatNameTest(&quot;BPQOIF&quot;,&quot;OJMCTLBPZM&quot;,&quot;OJMCTLBPZM, BPQOIF&quot;)" fullname="Open_Lab_02._09.Tests.ConcatNameTest(&quot;BPQOIF&quot;,&quot;OJMCTLBPZM&quot;,&quot;OJMCTLBPZM, BPQOIF&quot;)" methodname="ConcatNameTest" classname="Open_Lab_02._09.Tests" runstate="Runnable" seed="2049793959" result="Passed" start-time="2021-10-09 16:58:12Z" end-time="2021-10-09 16:58:12Z" duration="0.000083" asserts="1" />
            <test-case id="1069" name="ConcatNameTest(&quot;PS&quot;,&quot;DLCO&quot;,&quot;DLCO, PS&quot;)" fullname="Open_Lab_02._09.Tests.ConcatNameTest(&quot;PS&quot;,&quot;DLCO&quot;,&quot;DLCO, PS&quot;)" methodname="ConcatNameTest" classname="Open_Lab_02._09.Tests" runstate="Runnable" seed="464487813" result="Passed" start-time="2021-10-09 16:58:12Z" end-time="2021-10-09 16:58:12Z" duration="0.000084" asserts="1" />
            <test-case id="1070" name="ConcatNameTest(&quot;AAKYIACE&quot;,&quot;LHDDWN&quot;,&quot;LHDDWN, AAKYIACE&quot;)" fullname="Open_Lab_02._09.Tests.ConcatNameTest(&quot;AAKYIACE&quot;,&quot;LHDDWN&quot;,&quot;LHDDWN, AAKYIACE&quot;)" methodname="ConcatNameTest" classname="Open_Lab_02._09.Tests" runstate="Runnable" seed="302183298" result="Passed" start-time="2021-10-09 16:58:12Z" end-time="2021-10-09 16:58:12Z" duration="0.000099" asserts="1" />
            <test-case id="1071" name="ConcatNameTest(&quot;TEXEKM&quot;,&quot;LHLMY&quot;,&quot;LHLMY, TEXEKM&quot;)" fullname="Open_Lab_02._09.Tests.ConcatNameTest(&quot;TEXEKM&quot;,&quot;LHLMY&quot;,&quot;LHLMY, TEXEKM&quot;)" methodname="ConcatNameTest" classname="Open_Lab_02._09.Tests" runstate="Runnable" seed="356172156" result="Passed" start-time="2021-10-09 16:58:12Z" end-time="2021-10-09 16:58:12Z" duration="0.000083" asserts="1" />
            <test-case id="1072" name="ConcatNameTest(&quot;XDNZ&quot;,&quot;FXELDCR&quot;,&quot;FXELDCR, XDNZ&quot;)" fullname="Open_Lab_02._09.Tests.ConcatNameTest(&quot;XDNZ&quot;,&quot;FXELDCR&quot;,&quot;FXELDCR, XDNZ&quot;)" methodname="ConcatNameTest" classname="Open_Lab_02._09.Tests" runstate="Runnable" seed="1660725139" result="Passed" start-time="2021-10-09 16:58:12Z" end-time="2021-10-09 16:58:12Z" duration="0.000101" asserts="1" />
            <test-case id="1073" name="ConcatNameTest(&quot;ODSJ&quot;,&quot;SESKHFKHNQ&quot;,&quot;SESKHFKHNQ, ODSJ&quot;)" fullname="Open_Lab_02._09.Tests.ConcatNameTest(&quot;ODSJ&quot;,&quot;SESKHFKHNQ&quot;,&quot;SESKHFKHNQ, ODSJ&quot;)" methodname="ConcatNameTest" classname="Open_Lab_02._09.Tests" runstate="Runnable" seed="474547304" result="Passed" start-time="2021-10-09 16:58:12Z" end-time="2021-10-09 16:58:12Z" duration="0.000100" asserts="1" />
            <test-case id="1074" name="ConcatNameTest(&quot;RWNEXPHTDM&quot;,&quot;QJIAUNC&quot;,&quot;QJIAUNC, RWNEXPHTDM&quot;)" fullname="Open_Lab_02._09.Tests.ConcatNameTest(&quot;RWNEXPHTDM&quot;,&quot;QJIAUNC&quot;,&quot;QJIAUNC, RWNEXPHTDM&quot;)" methodname="ConcatNameTest" classname="Open_Lab_02._09.Tests" runstate="Runnable" seed="720700275" result="Passed" start-time="2021-10-09 16:58:12Z" end-time="2021-10-09 16:58:12Z" duration="0.000084" asserts="1" />
            <test-case id="1075" name="ConcatNameTest(&quot;GTYNTUONWH&quot;,&quot;ISGGUGO&quot;,&quot;ISGGUGO, GTYNTUONWH&quot;)" fullname="Open_Lab_02._09.Tests.ConcatNameTest(&quot;GTYNTUONWH&quot;,&quot;ISGGUGO&quot;,&quot;ISGGUGO, GTYNTUONWH&quot;)" methodname="ConcatNameTest" classname="Open_Lab_02._09.Tests" runstate="Runnable" seed="1547806003" result="Passed" start-time="2021-10-09 16:58:12Z" end-time="2021-10-09 16:58:12Z" duration="0.000099" asserts="1" />
            <test-case id="1076" name="ConcatNameTest(&quot;KYWYFL&quot;,&quot;NI&quot;,&quot;NI, KYWYFL&quot;)" fullname="Open_Lab_02._09.Tests.ConcatNameTest(&quot;KYWYFL&quot;,&quot;NI&quot;,&quot;NI, KYWYFL&quot;)" methodname="ConcatNameTest" classname="Open_Lab_02._09.Tests" runstate="Runnable" seed="1948649304" result="Passed" start-time="2021-10-09 16:58:12Z" end-time="2021-10-09 16:58:12Z" duration="0.000090" asserts="1" />
            <test-case id="1077" name="ConcatNameTest(&quot;HL&quot;,&quot;EOJESJUJIC&quot;,&quot;EOJESJUJIC, HL&quot;)" fullname="Open_Lab_02._09.Tests.ConcatNameTest(&quot;HL&quot;,&quot;EOJESJUJIC&quot;,&quot;EOJESJUJIC, HL&quot;)" methodname="ConcatNameTest" classname="Open_Lab_02._09.Tests" runstate="Runnable" seed="311127910" result="Passed" start-time="2021-10-09 16:58:12Z" end-time="2021-10-09 16:58:12Z" duration="0.000101" asserts="1" />
            <test-case id="1078" name="ConcatNameTest(&quot;LPDYJ&quot;,&quot;NTG&quot;,&quot;NTG, LPDYJ&quot;)" fullname="Open_Lab_02._09.Tests.ConcatNameTest(&quot;LPDYJ&quot;,&quot;NTG&quot;,&quot;NTG, LPDYJ&quot;)" methodname="ConcatNameTest" classname="Open_Lab_02._09.Tests" runstate="Runnable" seed="1146952800" result="Passed" start-time="2021-10-09 16:58:12Z" end-time="2021-10-09 16:58:12Z" duration="0.000101" asserts="1" />
            <test-case id="1079" name="ConcatNameTest(&quot;SA&quot;,&quot;VTBRG&quot;,&quot;VTBRG, SA&quot;)" fullname="Open_Lab_02._09.Tests.ConcatNameTest(&quot;SA&quot;,&quot;VTBRG&quot;,&quot;VTBRG, SA&quot;)" methodname="ConcatNameTest" classname="Open_Lab_02._09.Tests" runstate="Runnable" seed="1170916151" result="Passed" start-time="2021-10-09 16:58:12Z" end-time="2021-10-09 16:58:12Z" duration="0.000085" asserts="1" />
            <test-case id="1080" name="ConcatNameTest(&quot;LOW&quot;,&quot;EDXBBXU&quot;,&quot;EDXBBXU, LOW&quot;)" fullname="Open_Lab_02._09.Tests.ConcatNameTest(&quot;LOW&quot;,&quot;EDXBBXU&quot;,&quot;EDXBBXU, LOW&quot;)" methodname="ConcatNameTest" classname="Open_Lab_02._09.Tests" runstate="Runnable" seed="1075517707" result="Passed" start-time="2021-10-09 16:58:12Z" end-time="2021-10-09 16:58:12Z" duration="0.000101" asserts="1" />
            <test-case id="1081" name="ConcatNameTest(&quot;BWK&quot;,&quot;PIDDFN&quot;,&quot;PIDDFN, BWK&quot;)" fullname="Open_Lab_02._09.Tests.ConcatNameTest(&quot;BWK&quot;,&quot;PIDDFN&quot;,&quot;PIDDFN, BWK&quot;)" methodname="ConcatNameTest" classname="Open_Lab_02._09.Tests" runstate="Runnable" seed="2095139855" result="Passed" start-time="2021-10-09 16:58:12Z" end-time="2021-10-09 16:58:12Z" duration="0.000084" asserts="1" />
            <test-case id="1082" name="ConcatNameTest(&quot;FXMOZJ&quot;,&quot;ICDCRWPYZU&quot;,&quot;ICDCRWPYZU, FXMOZJ&quot;)" fullname="Open_Lab_02._09.Tests.ConcatNameTest(&quot;FXMOZJ&quot;,&quot;ICDCRWPYZU&quot;,&quot;ICDCRWPYZU, FXMOZJ&quot;)" methodname="ConcatNameTest" classname="Open_Lab_02._09.Tests" runstate="Runnable" seed="564610787" result="Passed" start-time="2021-10-09 16:58:12Z" end-time="2021-10-09 16:58:12Z" duration="0.000084" asserts="1" />
            <test-case id="1083" name="ConcatNameTest(&quot;BMWLXQ&quot;,&quot;ZID&quot;,&quot;ZID, BMWLXQ&quot;)" fullname="Open_Lab_02._09.Tests.ConcatNameTest(&quot;BMWLXQ&quot;,&quot;ZID&quot;,&quot;ZID, BMWLXQ&quot;)" methodname="ConcatNameTest" classname="Open_Lab_02._09.Tests" runstate="Runnable" seed="2032699194" result="Passed" start-time="2021-10-09 16:58:12Z" end-time="2021-10-09 16:58:12Z" duration="0.000103" asserts="1" />
            <test-case id="1084" name="ConcatNameTest(&quot;OCZXARTR&quot;,&quot;XSCOSZY&quot;,&quot;XSCOSZY, OCZXARTR&quot;)" fullname="Open_Lab_02._09.Tests.ConcatNameTest(&quot;OCZXARTR&quot;,&quot;XSCOSZY&quot;,&quot;XSCOSZY, OCZXARTR&quot;)" methodname="ConcatNameTest" classname="Open_Lab_02._09.Tests" runstate="Runnable" seed="749595090" result="Passed" start-time="2021-10-09 16:58:12Z" end-time="2021-10-09 16:58:12Z" duration="0.000084" asserts="1" />
            <test-case id="1085" name="ConcatNameTest(&quot;OXR&quot;,&quot;IREB&quot;,&quot;IREB, OXR&quot;)" fullname="Open_Lab_02._09.Tests.ConcatNameTest(&quot;OXR&quot;,&quot;IREB&quot;,&quot;IREB, OXR&quot;)" methodname="ConcatNameTest" classname="Open_Lab_02._09.Tests" runstate="Runnable" seed="1021176941" result="Passed" start-time="2021-10-09 16:58:12Z" end-time="2021-10-09 16:58:12Z" duration="0.000206" asserts="1" />
            <test-case id="1086" name="ConcatNameTest(&quot;TAWKABWO&quot;,&quot;ACTVXE&quot;,&quot;ACTVXE, TAWKABWO&quot;)" fullname="Open_Lab_02._09.Tests.ConcatNameTest(&quot;TAWKABWO&quot;,&quot;ACTVXE&quot;,&quot;ACTVXE, TAWKABWO&quot;)" methodname="ConcatNameTest" classname="Open_Lab_02._09.Tests" runstate="Runnable" seed="1870336822" result="Passed" start-time="2021-10-09 16:58:12Z" end-time="2021-10-09 16:58:12Z" duration="0.000104" asserts="1" />
            <test-case id="1087" name="ConcatNameTest(&quot;FOJK&quot;,&quot;TXRY&quot;,&quot;TXRY, FOJK&quot;)" fullname="Open_Lab_02._09.Tests.ConcatNameTest(&quot;FOJK&quot;,&quot;TXRY&quot;,&quot;TXRY, FOJK&quot;)" methodname="ConcatNameTest" classname="Open_Lab_02._09.Tests" runstate="Runnable" seed="810231789" result="Passed" start-time="2021-10-09 16:58:12Z" end-time="2021-10-09 16:58:12Z" duration="0.000080" asserts="1" />
            <test-case id="1088" name="ConcatNameTest(&quot;KLLFL&quot;,&quot;VIYTVEXQF&quot;,&quot;VIYTVEXQF, KLLFL&quot;)" fullname="Open_Lab_02._09.Tests.ConcatNameTest(&quot;KLLFL&quot;,&quot;VIYTVEXQF&quot;,&quot;VIYTVEXQF, KLLFL&quot;)" methodname="ConcatNameTest" classname="Open_Lab_02._09.Tests" runstate="Runnable" seed="265034029" result="Passed" start-time="2021-10-09 16:58:12Z" end-time="2021-10-09 16:58:12Z" duration="0.000095" asserts="1" />
            <test-case id="1089" name="ConcatNameTest(&quot;EZ&quot;,&quot;LSANZCCVR&quot;,&quot;LSANZCCVR, EZ&quot;)" fullname="Open_Lab_02._09.Tests.ConcatNameTest(&quot;EZ&quot;,&quot;LSANZCCVR&quot;,&quot;LSANZCCVR, EZ&quot;)" methodname="ConcatNameTest" classname="Open_Lab_02._09.Tests" runstate="Runnable" seed="626439973" result="Passed" start-time="2021-10-09 16:58:12Z" end-time="2021-10-09 16:58:12Z" duration="0.000074" asserts="1" />
            <test-case id="1090" name="ConcatNameTest(&quot;ACEMP&quot;,&quot;KDHPHYMZ&quot;,&quot;KDHPHYMZ, ACEMP&quot;)" fullname="Open_Lab_02._09.Tests.ConcatNameTest(&quot;ACEMP&quot;,&quot;KDHPHYMZ&quot;,&quot;KDHPHYMZ, ACEMP&quot;)" methodname="ConcatNameTest" classname="Open_Lab_02._09.Tests" runstate="Runnable" seed="983595990" result="Passed" start-time="2021-10-09 16:58:12Z" end-time="2021-10-09 16:58:12Z" duration="0.000101" asserts="1" />
            <test-case id="1091" name="ConcatNameTest(&quot;NBRSE&quot;,&quot;OYVN&quot;,&quot;OYVN, NBRSE&quot;)" fullname="Open_Lab_02._09.Tests.ConcatNameTest(&quot;NBRSE&quot;,&quot;OYVN&quot;,&quot;OYVN, NBRSE&quot;)" methodname="ConcatNameTest" classname="Open_Lab_02._09.Tests" runstate="Runnable" seed="1202756182" result="Passed" start-time="2021-10-09 16:58:12Z" end-time="2021-10-09 16:58:12Z" duration="0.000098" asserts="1" />
            <test-case id="1092" name="ConcatNameTest(&quot;JYLCIZDY&quot;,&quot;QQSIZVWWJO&quot;,&quot;QQSIZVWWJO, JYLCIZDY&quot;)" fullname="Open_Lab_02._09.Tests.ConcatNameTest(&quot;JYLCIZDY&quot;,&quot;QQSIZVWWJO&quot;,&quot;QQSIZVWWJO, JYLCIZDY&quot;)" methodname="ConcatNameTest" classname="Open_Lab_02._09.Tests" runstate="Runnable" seed="858339019" result="Passed" start-time="2021-10-09 16:58:12Z" end-time="2021-10-09 16:58:12Z" duration="0.000159" asserts="1" />
            <test-case id="1093" name="ConcatNameTest(&quot;FACMBL&quot;,&quot;NDL&quot;,&quot;NDL, FACMBL&quot;)" fullname="Open_Lab_02._09.Tests.ConcatNameTest(&quot;FACMBL&quot;,&quot;NDL&quot;,&quot;NDL, FACMBL&quot;)" methodname="ConcatNameTest" classname="Open_Lab_02._09.Tests" runstate="Runnable" seed="638883049" result="Passed" start-time="2021-10-09 16:58:12Z" end-time="2021-10-09 16:58:12Z" duration="0.000542" asserts="1" />
            <test-case id="1094" name="ConcatNameTest(&quot;IYW&quot;,&quot;MSFG&quot;,&quot;MSFG, IYW&quot;)" fullname="Open_Lab_02._09.Tests.ConcatNameTest(&quot;IYW&quot;,&quot;MSFG&quot;,&quot;MSFG, IYW&quot;)" methodname="ConcatNameTest" classname="Open_Lab_02._09.Tests" runstate="Runnable" seed="526142644" result="Passed" start-time="2021-10-09 16:58:12Z" end-time="2021-10-09 16:58:12Z" duration="0.000224" asserts="1" />
            <test-case id="1095" name="ConcatNameTest(&quot;UOBU&quot;,&quot;JJTIKSOHA&quot;,&quot;JJTIKSOHA, UOBU&quot;)" fullname="Open_Lab_02._09.Tests.ConcatNameTest(&quot;UOBU&quot;,&quot;JJTIKSOHA&quot;,&quot;JJTIKSOHA, UOBU&quot;)" methodname="ConcatNameTest" classname="Open_Lab_02._09.Tests" runstate="Runnable" seed="308813375" result="Passed" start-time="2021-10-09 16:58:12Z" end-time="2021-10-09 16:58:12Z" duration="0.000463" asserts="1" />
            <test-case id="1096" name="ConcatNameTest(&quot;IWYBXW&quot;,&quot;UMLITLR&quot;,&quot;UMLITLR, IWYBXW&quot;)" fullname="Open_Lab_02._09.Tests.ConcatNameTest(&quot;IWYBXW&quot;,&quot;UMLITLR&quot;,&quot;UMLITLR, IWYBXW&quot;)" methodname="ConcatNameTest" classname="Open_Lab_02._09.Tests" runstate="Runnable" seed="2079175024" result="Passed" start-time="2021-10-09 16:58:12Z" end-time="2021-10-09 16:58:12Z" duration="0.000243" asserts="1" />
            <test-case id="1097" name="ConcatNameTest(&quot;DRDGS&quot;,&quot;ZHQRCKE&quot;,&quot;ZHQRCKE, DRDGS&quot;)" fullname="Open_Lab_02._09.Tests.ConcatNameTest(&quot;DRDGS&quot;,&quot;ZHQRCKE&quot;,&quot;ZHQRCKE, DRDGS&quot;)" methodname="ConcatNameTest" classname="Open_Lab_02._09.Tests" runstate="Runnable" seed="336615200" result="Passed" start-time="2021-10-09 16:58:12Z" end-time="2021-10-09 16:58:12Z" duration="0.000119" asserts="1" />
            <test-case id="1098" name="ConcatNameTest(&quot;TQBYJZPU&quot;,&quot;ILE&quot;,&quot;ILE, TQBYJZPU&quot;)" fullname="Open_Lab_02._09.Tests.ConcatNameTest(&quot;TQBYJZPU&quot;,&quot;ILE&quot;,&quot;ILE, TQBYJZPU&quot;)" methodname="ConcatNameTest" classname="Open_Lab_02._09.Tests" runstate="Runnable" seed="440407785" result="Passed" start-time="2021-10-09 16:58:12Z" end-time="2021-10-09 16:58:12Z" duration="0.000092" asserts="1" />
            <test-case id="1099" name="ConcatNameTest(&quot;PIOQXBZG&quot;,&quot;KB&quot;,&quot;KB, PIOQXBZG&quot;)" fullname="Open_Lab_02._09.Tests.ConcatNameTest(&quot;PIOQXBZG&quot;,&quot;KB&quot;,&quot;KB, PIOQXBZG&quot;)" methodname="ConcatNameTest" classname="Open_Lab_02._09.Tests" runstate="Runnable" seed="1375139581" result="Passed" start-time="2021-10-09 16:58:12Z" end-time="2021-10-09 16:58:12Z" duration="0.000102" asserts="1" />
            <test-case id="1100" name="ConcatNameTest(&quot;VJOH&quot;,&quot;VMLBT&quot;,&quot;VMLBT, VJOH&quot;)" fullname="Open_Lab_02._09.Tests.ConcatNameTest(&quot;VJOH&quot;,&quot;VMLBT&quot;,&quot;VMLBT, VJOH&quot;)" methodname="ConcatNameTest" classname="Open_Lab_02._09.Tests" runstate="Runnable" seed="973325871" result="Passed" start-time="2021-10-09 16:58:12Z" end-time="2021-10-09 16:58:12Z" duration="0.000084" asserts="1" />
          </test-suite>
        </test-suite>
      </test-suite>
    </test-suite>
  </test-suite>
</test-run>